*** Using Compiler 'V5.06 update 7 (build 960)', folder: 'D:\MDK-AEM-CORE\ARM\ARMCC\Bin'
Build target 'watch'
compiling croutine.c...
compiling list.c...
compiling event_groups.c...
compiling stream_buffer.c...
compiling queue.c...
compiling tasks.c...
compiling timers.c...
compiling heap_4.c...
compiling port.c...
compiling cmsis_os.c...
compiling FreeRTOS_demo.c...
..\Core\Src\FreeRTOS_demo.c(94): error:  #20: identifier "lastWakeTime" is undefined
         	vTaskDelayUntil(&lastWakeTime, pdMS_TO_TICKS(5));
..\Core\Src\FreeRTOS_demo.c(113): error:  #20: identifier "lastWakeTime" is undefined
  	   	vTaskDelayUntil(&lastWakeTime, pdMS_TO_TICKS(10));
..\Core\Src\FreeRTOS_demo.c: 0 warnings, 2 errors
compiling mpu6050.c...
..\Core\bsp\mpu6050.c(71): warning:  #177-D: variable "i"  was declared but never referenced
  	uint8_t i;
..\Core\bsp\mpu6050.c(100): warning:  #223-D: function "vTaskDelay" declared implicitly
  		vTaskDelay(1);
..\Core\bsp\mpu6050.c(127): warning:  #223-D: function "vTaskDelay" declared implicitly
  	vTaskDelay(20);
..\Core\bsp\mpu6050.c: 3 warnings, 0 errors
compiling main.c...
compiling freertos.c...
compiling stm32f1xx_it.c...
"watch\watch.axf" - 2 Error(s), 3 Warning(s).
Target not created.
Build Time Elapsed:  00:00:05
